<?xml version="1.0" encoding="UTF-8"?>
<!-- Generated by org.testng.reporters.JUnitXMLReporter -->
<testsuite hostname="ATMECSINDT-053" ignored="0" name="Default test" tests="2" failures="0" timestamp="08 Aug 2019 14:10:39 GMT" time="14.421" errors="0">
  <testcase name="validatingWatchMoreBtn" time="3.177" classname="com.atmecs.qa.testscript.NewsPageTest"/>
  <testcase name="validatingAllReadMore" time="1.752" classname="com.atmecs.qa.testscript.NewsPageTest"/>
</testsuite> <!-- Default test -->
