<?xml version="1.0" encoding="UTF-8"?>
<!-- Generated by org.testng.reporters.JUnitXMLReporter -->
<testsuite hostname="ATMECSINDT-053" ignored="0" name="ClientAchievementPageTest" tests="2" failures="0" timestamp="08 Aug 2019 12:12:08 GMT" time="85.756" errors="0">
  <testcase name="validatingAllHeaderContentCount" time="3.676" classname="com.atmecs.qa.testscript.ClientAchievementPageTest"/>
  <testcase name="validatingAllReadmore" time="69.658" classname="com.atmecs.qa.testscript.ClientAchievementPageTest"/>
</testsuite> <!-- ClientAchievementPageTest -->
